2025-02-13T11:20:21.417+01:00  INFO 1897 --- [Gym-Community] [restartedMain] o.f.g.GymCommunityApplication            : Starting GymCommunityApplication using Java 17.0.13 with PID 1897 (/Users/mac/Documents/GitHub/Gym-Community/target/classes started by mac in /Users/mac/Documents/GitHub/Gym-Community)
2025-02-13T11:20:21.418+01:00 DEBUG 1897 --- [Gym-Community] [restartedMain] o.f.g.GymCommunityApplication            : Running with Spring Boot v3.4.2, Spring v6.2.2
2025-02-13T11:20:21.418+01:00  INFO 1897 --- [Gym-Community] [restartedMain] o.f.g.GymCommunityApplication            : The following 1 profile is active: "dev"
2025-02-13T11:20:21.489+01:00  INFO 1897 --- [Gym-Community] [restartedMain] .s.d.r.c.RepositoryConfigurationDelegate : Bootstrapping Spring Data JPA repositories in DEFAULT mode.
2025-02-13T11:20:21.495+01:00  INFO 1897 --- [Gym-Community] [restartedMain] .s.d.r.c.RepositoryConfigurationDelegate : Finished Spring Data repository scanning in 5 ms. Found 2 JPA repository interfaces.
2025-02-13T11:20:21.539+01:00  INFO 1897 --- [Gym-Community] [restartedMain] o.s.b.w.embedded.tomcat.TomcatWebServer  : Tomcat initialized with port 8080 (http)
2025-02-13T11:20:21.539+01:00  INFO 1897 --- [Gym-Community] [restartedMain] o.apache.catalina.core.StandardService   : Starting service [Tomcat]
2025-02-13T11:20:21.539+01:00  INFO 1897 --- [Gym-Community] [restartedMain] o.apache.catalina.core.StandardEngine    : Starting Servlet engine: [Apache Tomcat/10.1.34]
2025-02-13T11:20:21.544+01:00  INFO 1897 --- [Gym-Community] [restartedMain] o.a.c.c.C.[Tomcat-1].[localhost].[/]     : Initializing Spring embedded WebApplicationContext
2025-02-13T11:20:21.544+01:00  INFO 1897 --- [Gym-Community] [restartedMain] w.s.c.ServletWebServerApplicationContext : Root WebApplicationContext: initialization completed in 126 ms
2025-02-13T11:20:21.562+01:00  INFO 1897 --- [Gym-Community] [restartedMain] o.hibernate.jpa.internal.util.LogHelper  : HHH000204: Processing PersistenceUnitInfo [name: default]
2025-02-13T11:20:21.563+01:00  INFO 1897 --- [Gym-Community] [restartedMain] o.h.c.internal.RegionFactoryInitiator    : HHH000026: Second-level cache disabled
2025-02-13T11:20:21.569+01:00  INFO 1897 --- [Gym-Community] [restartedMain] o.s.o.j.p.SpringPersistenceUnitInfo      : No LoadTimeWeaver setup: ignoring JPA class transformer
2025-02-13T11:20:21.569+01:00  INFO 1897 --- [Gym-Community] [restartedMain] com.zaxxer.hikari.HikariDataSource       : HikariPool-8 - Starting...
2025-02-13T11:20:21.594+01:00  INFO 1897 --- [Gym-Community] [restartedMain] com.zaxxer.hikari.pool.HikariPool        : HikariPool-8 - Added connection org.postgresql.jdbc.PgConnection@57e2c2a5
2025-02-13T11:20:21.594+01:00  INFO 1897 --- [Gym-Community] [restartedMain] com.zaxxer.hikari.HikariDataSource       : HikariPool-8 - Start completed.
2025-02-13T11:20:21.598+01:00  INFO 1897 --- [Gym-Community] [restartedMain] org.hibernate.orm.connections.pooling    : HHH10001005: Database info:
	Database JDBC URL [Connecting through datasource 'HikariDataSource (HikariPool-8)']
	Database driver: undefined/unknown
	Database version: 16.3
	Autocommit mode: undefined/unknown
	Isolation level: undefined/unknown
	Minimum pool size: undefined/unknown
	Maximum pool size: undefined/unknown
2025-02-13T11:20:21.685+01:00  INFO 1897 --- [Gym-Community] [restartedMain] o.h.e.t.j.p.i.JtaPlatformInitiator       : HHH000489: No JTA platform available (set 'hibernate.transaction.jta.platform' to enable JTA platform integration)
2025-02-13T11:20:22.143+01:00  INFO 1897 --- [Gym-Community] [restartedMain] j.LocalContainerEntityManagerFactoryBean : Initialized JPA EntityManagerFactory for persistence unit 'default'
2025-02-13T11:20:22.187+01:00  WARN 1897 --- [Gym-Community] [restartedMain] JpaBaseConfiguration$JpaWebConfiguration : spring.jpa.open-in-view is enabled by default. Therefore, database queries may be performed during view rendering. Explicitly configure spring.jpa.open-in-view to disable this warning
2025-02-13T11:20:22.191+01:00  INFO 1897 --- [Gym-Community] [restartedMain] r$InitializeUserDetailsManagerConfigurer : Global AuthenticationManager configured with UserDetailsService bean with name userService
2025-02-13T11:20:22.242+01:00  INFO 1897 --- [Gym-Community] [restartedMain] o.s.b.a.h2.H2ConsoleAutoConfiguration    : H2 console available at '/h2-console'. Database available at 'jdbc:postgresql://localhost:5432/gym_community'
2025-02-13T11:20:22.248+01:00  INFO 1897 --- [Gym-Community] [restartedMain] o.s.b.d.a.OptionalLiveReloadServer       : LiveReload server is running on port 35729
2025-02-13T11:20:22.253+01:00  INFO 1897 --- [Gym-Community] [restartedMain] o.s.b.w.embedded.tomcat.TomcatWebServer  : Tomcat started on port 8080 (http) with context path '/'
2025-02-13T11:20:22.255+01:00  INFO 1897 --- [Gym-Community] [restartedMain] o.f.g.GymCommunityApplication            : Started GymCommunityApplication in 0.857 seconds (process running for 515.185)
2025-02-13T11:20:22.258+01:00  INFO 1897 --- [Gym-Community] [restartedMain] .ConditionEvaluationDeltaLoggingListener : Condition evaluation unchanged
2025-02-13T11:21:13.735+01:00  INFO 1897 --- [Gym-Community] [SpringApplicationShutdownHook] o.s.b.w.e.tomcat.GracefulShutdown        : Commencing graceful shutdown. Waiting for active requests to complete
2025-02-13T11:21:13.738+01:00  INFO 1897 --- [Gym-Community] [tomcat-shutdown] o.s.b.w.e.tomcat.GracefulShutdown        : Graceful shutdown complete
2025-02-13T11:21:13.740+01:00  INFO 1897 --- [Gym-Community] [SpringApplicationShutdownHook] j.LocalContainerEntityManagerFactoryBean : Closing JPA EntityManagerFactory for persistence unit 'default'
2025-02-13T11:21:13.741+01:00  INFO 1897 --- [Gym-Community] [SpringApplicationShutdownHook] com.zaxxer.hikari.HikariDataSource       : HikariPool-8 - Shutdown initiated...
2025-02-13T11:21:13.742+01:00  INFO 1897 --- [Gym-Community] [SpringApplicationShutdownHook] com.zaxxer.hikari.HikariDataSource       : HikariPool-8 - Shutdown completed.
2025-02-13T11:21:16.519+01:00  INFO 3396 --- [Gym-Community] [restartedMain] o.f.g.GymCommunityApplication            : Starting GymCommunityApplication using Java 17.0.13 with PID 3396 (/Users/mac/Documents/GitHub/Gym-Community/target/classes started by mac in /Users/mac/Documents/GitHub/Gym-Community)
2025-02-13T11:21:16.520+01:00 DEBUG 3396 --- [Gym-Community] [restartedMain] o.f.g.GymCommunityApplication            : Running with Spring Boot v3.4.2, Spring v6.2.2
2025-02-13T11:21:16.520+01:00  INFO 3396 --- [Gym-Community] [restartedMain] o.f.g.GymCommunityApplication            : The following 1 profile is active: "dev"
2025-02-13T11:21:16.538+01:00  INFO 3396 --- [Gym-Community] [restartedMain] .e.DevToolsPropertyDefaultsPostProcessor : Devtools property defaults active! Set 'spring.devtools.add-properties' to 'false' to disable
2025-02-13T11:21:16.538+01:00  INFO 3396 --- [Gym-Community] [restartedMain] .e.DevToolsPropertyDefaultsPostProcessor : For additional web related logging consider setting the 'logging.level.web' property to 'DEBUG'
2025-02-13T11:21:16.827+01:00  INFO 3396 --- [Gym-Community] [restartedMain] .s.d.r.c.RepositoryConfigurationDelegate : Bootstrapping Spring Data JPA repositories in DEFAULT mode.
2025-02-13T11:21:16.853+01:00  INFO 3396 --- [Gym-Community] [restartedMain] .s.d.r.c.RepositoryConfigurationDelegate : Finished Spring Data repository scanning in 22 ms. Found 2 JPA repository interfaces.
2025-02-13T11:21:17.060+01:00  INFO 3396 --- [Gym-Community] [restartedMain] o.s.b.w.embedded.tomcat.TomcatWebServer  : Tomcat initialized with port 8080 (http)
2025-02-13T11:21:17.065+01:00  INFO 3396 --- [Gym-Community] [restartedMain] o.apache.catalina.core.StandardService   : Starting service [Tomcat]
2025-02-13T11:21:17.065+01:00  INFO 3396 --- [Gym-Community] [restartedMain] o.apache.catalina.core.StandardEngine    : Starting Servlet engine: [Apache Tomcat/10.1.34]
2025-02-13T11:21:17.081+01:00  INFO 3396 --- [Gym-Community] [restartedMain] o.a.c.c.C.[Tomcat].[localhost].[/]       : Initializing Spring embedded WebApplicationContext
2025-02-13T11:21:17.081+01:00  INFO 3396 --- [Gym-Community] [restartedMain] w.s.c.ServletWebServerApplicationContext : Root WebApplicationContext: initialization completed in 542 ms
2025-02-13T11:21:17.149+01:00  INFO 3396 --- [Gym-Community] [restartedMain] o.hibernate.jpa.internal.util.LogHelper  : HHH000204: Processing PersistenceUnitInfo [name: default]
2025-02-13T11:21:17.177+01:00  INFO 3396 --- [Gym-Community] [restartedMain] org.hibernate.Version                    : HHH000412: Hibernate ORM core version 6.6.5.Final
2025-02-13T11:21:17.192+01:00  INFO 3396 --- [Gym-Community] [restartedMain] o.h.c.internal.RegionFactoryInitiator    : HHH000026: Second-level cache disabled
2025-02-13T11:21:17.300+01:00  INFO 3396 --- [Gym-Community] [restartedMain] o.s.o.j.p.SpringPersistenceUnitInfo      : No LoadTimeWeaver setup: ignoring JPA class transformer
2025-02-13T11:21:17.312+01:00  INFO 3396 --- [Gym-Community] [restartedMain] com.zaxxer.hikari.HikariDataSource       : HikariPool-1 - Starting...
2025-02-13T11:21:17.394+01:00  INFO 3396 --- [Gym-Community] [restartedMain] com.zaxxer.hikari.pool.HikariPool        : HikariPool-1 - Added connection org.postgresql.jdbc.PgConnection@ab5dc8
2025-02-13T11:21:17.394+01:00  INFO 3396 --- [Gym-Community] [restartedMain] com.zaxxer.hikari.HikariDataSource       : HikariPool-1 - Start completed.
2025-02-13T11:21:17.423+01:00  INFO 3396 --- [Gym-Community] [restartedMain] org.hibernate.orm.connections.pooling    : HHH10001005: Database info:
	Database JDBC URL [Connecting through datasource 'HikariDataSource (HikariPool-1)']
	Database driver: undefined/unknown
	Database version: 16.3
	Autocommit mode: undefined/unknown
	Isolation level: undefined/unknown
	Minimum pool size: undefined/unknown
	Maximum pool size: undefined/unknown
2025-02-13T11:21:17.857+01:00  INFO 3396 --- [Gym-Community] [restartedMain] o.h.e.t.j.p.i.JtaPlatformInitiator       : HHH000489: No JTA platform available (set 'hibernate.transaction.jta.platform' to enable JTA platform integration)
2025-02-13T11:21:18.222+01:00  INFO 3396 --- [Gym-Community] [restartedMain] j.LocalContainerEntityManagerFactoryBean : Initialized JPA EntityManagerFactory for persistence unit 'default'
2025-02-13T11:21:18.404+01:00  WARN 3396 --- [Gym-Community] [restartedMain] JpaBaseConfiguration$JpaWebConfiguration : spring.jpa.open-in-view is enabled by default. Therefore, database queries may be performed during view rendering. Explicitly configure spring.jpa.open-in-view to disable this warning
2025-02-13T11:21:18.411+01:00  INFO 3396 --- [Gym-Community] [restartedMain] r$InitializeUserDetailsManagerConfigurer : Global AuthenticationManager configured with UserDetailsService bean with name userService
2025-02-13T11:21:18.581+01:00  INFO 3396 --- [Gym-Community] [restartedMain] o.s.b.a.h2.H2ConsoleAutoConfiguration    : H2 console available at '/h2-console'. Database available at 'jdbc:postgresql://localhost:5432/gym_community'
2025-02-13T11:21:18.602+01:00  INFO 3396 --- [Gym-Community] [restartedMain] o.s.b.d.a.OptionalLiveReloadServer       : LiveReload server is running on port 35729
2025-02-13T11:21:18.617+01:00  INFO 3396 --- [Gym-Community] [restartedMain] o.s.b.w.embedded.tomcat.TomcatWebServer  : Tomcat started on port 8080 (http) with context path '/'
2025-02-13T11:21:18.622+01:00  INFO 3396 --- [Gym-Community] [restartedMain] o.f.g.GymCommunityApplication            : Started GymCommunityApplication in 2.257 seconds (process running for 2.617)
2025-02-13T11:21:34.446+01:00  INFO 3396 --- [Gym-Community] [http-nio-8080-exec-2] o.a.c.c.C.[Tomcat].[localhost].[/]       : Initializing Spring DispatcherServlet 'dispatcherServlet'
2025-02-13T11:21:34.447+01:00  INFO 3396 --- [Gym-Community] [http-nio-8080-exec-2] o.s.web.servlet.DispatcherServlet        : Initializing Servlet 'dispatcherServlet'
2025-02-13T11:21:34.450+01:00  INFO 3396 --- [Gym-Community] [http-nio-8080-exec-2] o.s.web.servlet.DispatcherServlet        : Completed initialization in 3 ms
2025-02-13T11:21:34.522+01:00  WARN 3396 --- [Gym-Community] [http-nio-8080-exec-2] .w.s.m.s.DefaultHandlerExceptionResolver : Resolved [org.springframework.http.converter.HttpMessageNotReadableException: JSON parse error: Cannot deserialize value of type `org.filrouge.gymcommunity.model.ActivityLevel` from String "MODERATE": not one of the values accepted for Enum class: [MODERATELY_ACTIVE, SEDENTARY, VERY_ACTIVE]]
2025-02-13T11:22:14.149+01:00  INFO 3396 --- [Gym-Community] [http-nio-8080-exec-3] o.f.g.controller.AuthController          : Attempting registration for email: johndoe@example.com
2025-02-13T11:22:26.045+01:00  INFO 3396 --- [Gym-Community] [File Watcher] rtingClassPathChangeChangedEventListener : Restarting due to 2 class path changes (0 additions, 0 deletions, 2 modifications)
2025-02-13T11:22:26.086+01:00  INFO 3396 --- [Gym-Community] [Thread-5] o.s.b.w.e.tomcat.GracefulShutdown        : Commencing graceful shutdown. Waiting for active requests to complete
2025-02-13T11:22:26.096+01:00  INFO 3396 --- [Gym-Community] [tomcat-shutdown] o.s.b.w.e.tomcat.GracefulShutdown        : Graceful shutdown complete
2025-02-13T11:22:26.101+01:00  INFO 3396 --- [Gym-Community] [Thread-5] j.LocalContainerEntityManagerFactoryBean : Closing JPA EntityManagerFactory for persistence unit 'default'
2025-02-13T11:22:26.105+01:00  INFO 3396 --- [Gym-Community] [Thread-5] com.zaxxer.hikari.HikariDataSource       : HikariPool-1 - Shutdown initiated...
2025-02-13T11:22:26.107+01:00  INFO 3396 --- [Gym-Community] [Thread-5] com.zaxxer.hikari.HikariDataSource       : HikariPool-1 - Shutdown completed.
